<?xml version="1.0" encoding="UTF-8"?>
<coverage generated="1661175305705" clover="3.2.0">
  <project timestamp="1661175305705" name="All files">
    <metrics statements="14" coveredstatements="14" conditionals="14" coveredconditionals="13" methods="7" coveredmethods="7" elements="35" coveredelements="34" complexity="0" loc="14" ncloc="14" packages="1" files="1" classes="1"/>
    <file name="index.ts" path="/workspace/remark-html-directives/src/utils/index.ts">
      <metrics statements="14" coveredstatements="14" conditionals="14" coveredconditionals="13" methods="7" coveredmethods="7"/>
      <line num="4" count="1" type="stmt"/>
      <line num="10" count="1" type="stmt"/>
      <line num="40" count="1" type="stmt"/>
      <line num="49" count="1" type="stmt"/>
      <line num="58" count="1" type="stmt"/>
      <line num="93" count="70" type="stmt"/>
      <line num="96" count="110" type="stmt"/>
      <line num="102" count="70" type="stmt"/>
      <line num="106" count="168" type="stmt"/>
      <line num="113" count="70" type="cond" truecount="2" falsecount="0"/>
      <line num="120" count="1" type="stmt"/>
      <line num="124" count="3" type="stmt"/>
      <line num="127" count="1" type="cond" truecount="1" falsecount="1"/>
      <line num="129" count="1" type="stmt"/>
    </file>
  </project>
</coverage>
