<?xml version="1.0" encoding="UTF-8"?>
<coverage generated="1661128983814" clover="3.2.0">
  <project timestamp="1661128983814" name="All files">
    <metrics statements="14" coveredstatements="14" conditionals="14" coveredconditionals="13" methods="7" coveredmethods="7" elements="35" coveredelements="34" complexity="0" loc="14" ncloc="14" packages="1" files="1" classes="1"/>
    <file name="index.ts" path="/workspace/remark-html-directives/src/utils/index.ts">
      <metrics statements="14" coveredstatements="14" conditionals="14" coveredconditionals="13" methods="7" coveredmethods="7"/>
      <line num="4" count="1" type="stmt"/>
      <line num="10" count="1" type="stmt"/>
      <line num="39" count="1" type="stmt"/>
      <line num="48" count="1" type="stmt"/>
      <line num="54" count="1" type="stmt"/>
      <line num="89" count="66" type="stmt"/>
      <line num="92" count="103" type="stmt"/>
      <line num="98" count="66" type="stmt"/>
      <line num="102" count="156" type="stmt"/>
      <line num="109" count="66" type="cond" truecount="2" falsecount="0"/>
      <line num="116" count="1" type="stmt"/>
      <line num="120" count="3" type="stmt"/>
      <line num="123" count="1" type="cond" truecount="1" falsecount="1"/>
      <line num="125" count="1" type="stmt"/>
    </file>
  </project>
</coverage>
