{"/workspace/remark-html-directives/src/utils/index.ts": {"path":"/workspace/remark-html-directives/src/utils/index.ts","statementMap":{"0":{"start":{"line":4,"column":27},"end":{"line":8,"column":10}},"1":{"start":{"line":10,"column":32},"end":{"line":38,"column":10}},"2":{"start":{"line":39,"column":33},"end":{"line":47,"column":10}},"3":{"start":{"line":48,"column":27},"end":{"line":52,"column":10}},"4":{"start":{"line":54,"column":31},"end":{"line":81,"column":10}},"5":{"start":{"line":89,"column":2},"end":{"line":92,"column":24}},"6":{"start":{"line":92,"column":18},"end":{"line":92,"column":23}},"7":{"start":{"line":98,"column":2},"end":{"line":102,"column":24}},"8":{"start":{"line":102,"column":18},"end":{"line":102,"column":23}},"9":{"start":{"line":109,"column":2},"end":{"line":109,"column":92}},"10":{"start":{"line":116,"column":28},"end":{"line":120,"column":25}},"11":{"start":{"line":120,"column":19},"end":{"line":120,"column":24}},"12":{"start":{"line":123,"column":2},"end":{"line":143,"column":3}},"13":{"start":{"line":125,"column":4},"end":{"line":141,"column":4}}},"fnMap":{"0":{"name":"checkIfNodeTypeIsAViableContainerDirective","decl":{"start":{"line":86,"column":9},"end":{"line":86,"column":51}},"loc":{"start":{"line":86,"column":77},"end":{"line":94,"column":1}},"line":86},"1":{"name":"(anonymous_1)","decl":{"start":{"line":92,"column":9},"end":{"line":92,"column":10}},"loc":{"start":{"line":92,"column":18},"end":{"line":92,"column":23}},"line":92},"2":{"name":"checkIfNodeTypeIsAViableLeafDirective","decl":{"start":{"line":96,"column":9},"end":{"line":96,"column":46}},"loc":{"start":{"line":96,"column":72},"end":{"line":105,"column":1}},"line":96},"3":{"name":"(anonymous_3)","decl":{"start":{"line":102,"column":9},"end":{"line":102,"column":10}},"loc":{"start":{"line":102,"column":18},"end":{"line":102,"column":23}},"line":102},"4":{"name":"checkIfNodeTypeIsAViableTextDirective","decl":{"start":{"line":107,"column":9},"end":{"line":107,"column":46}},"loc":{"start":{"line":107,"column":72},"end":{"line":110,"column":1}},"line":107},"5":{"name":"throwErrorIfANodeIsNotAViableNode","decl":{"start":{"line":113,"column":9},"end":{"line":113,"column":42}},"loc":{"start":{"line":113,"column":69},"end":{"line":145,"column":1}},"line":113},"6":{"name":"(anonymous_6)","decl":{"start":{"line":120,"column":9},"end":{"line":120,"column":10}},"loc":{"start":{"line":120,"column":19},"end":{"line":120,"column":24}},"line":120}},"branchMap":{"0":{"loc":{"start":{"line":90,"column":4},"end":{"line":90,"column":93}},"type":"binary-expr","locations":[{"start":{"line":90,"column":4},"end":{"line":90,"column":38}},{"start":{"line":90,"column":43},"end":{"line":90,"column":93}}],"line":90},"1":{"loc":{"start":{"line":91,"column":4},"end":{"line":91,"column":88}},"type":"binary-expr","locations":[{"start":{"line":91,"column":4},"end":{"line":91,"column":38}},{"start":{"line":91,"column":43},"end":{"line":91,"column":88}}],"line":91},"2":{"loc":{"start":{"line":99,"column":4},"end":{"line":99,"column":89}},"type":"binary-expr","locations":[{"start":{"line":99,"column":4},"end":{"line":99,"column":33}},{"start":{"line":99,"column":38},"end":{"line":99,"column":89}}],"line":99},"3":{"loc":{"start":{"line":100,"column":4},"end":{"line":100,"column":87}},"type":"binary-expr","locations":[{"start":{"line":100,"column":4},"end":{"line":100,"column":33}},{"start":{"line":100,"column":38},"end":{"line":100,"column":87}}],"line":100},"4":{"loc":{"start":{"line":101,"column":4},"end":{"line":101,"column":83}},"type":"binary-expr","locations":[{"start":{"line":101,"column":4},"end":{"line":101,"column":33}},{"start":{"line":101,"column":38},"end":{"line":101,"column":83}}],"line":101},"5":{"loc":{"start":{"line":109,"column":9},"end":{"line":109,"column":92}},"type":"binary-expr","locations":[{"start":{"line":109,"column":9},"end":{"line":109,"column":38}},{"start":{"line":109,"column":43},"end":{"line":109,"column":92}}],"line":109},"6":{"loc":{"start":{"line":123,"column":2},"end":{"line":143,"column":3}},"type":"if","locations":[{"start":{"line":123,"column":2},"end":{"line":143,"column":3}},{"start":{},"end":{}}],"line":123}},"s":{"0":1,"1":1,"2":1,"3":1,"4":1,"5":66,"6":103,"7":66,"8":156,"9":66,"10":1,"11":3,"12":1,"13":1},"f":{"0":66,"1":103,"2":66,"3":156,"4":66,"5":1,"6":3},"b":{"0":[66,65],"1":[66,65],"2":[66,64],"3":[66,64],"4":[66,64],"5":[66,65],"6":[1,0]},"_coverageSchema":"1a1c01bbd47fc00a2c39e90264f33305004495a9","hash":"73e97ba06eff2a82aecb5e3cf00785d4f09daa8a"}
}
