{"/workspace/remark-html-directives/src/utils/index.ts": {"path":"/workspace/remark-html-directives/src/utils/index.ts","statementMap":{"0":{"start":{"line":4,"column":27},"end":{"line":8,"column":10}},"1":{"start":{"line":10,"column":32},"end":{"line":39,"column":10}},"2":{"start":{"line":40,"column":33},"end":{"line":48,"column":10}},"3":{"start":{"line":49,"column":27},"end":{"line":56,"column":10}},"4":{"start":{"line":58,"column":31},"end":{"line":85,"column":10}},"5":{"start":{"line":93,"column":2},"end":{"line":96,"column":24}},"6":{"start":{"line":96,"column":18},"end":{"line":96,"column":23}},"7":{"start":{"line":102,"column":2},"end":{"line":106,"column":24}},"8":{"start":{"line":106,"column":18},"end":{"line":106,"column":23}},"9":{"start":{"line":113,"column":2},"end":{"line":113,"column":92}},"10":{"start":{"line":120,"column":28},"end":{"line":124,"column":25}},"11":{"start":{"line":124,"column":19},"end":{"line":124,"column":24}},"12":{"start":{"line":127,"column":2},"end":{"line":148,"column":3}},"13":{"start":{"line":129,"column":4},"end":{"line":146,"column":4}}},"fnMap":{"0":{"name":"checkIfNodeTypeIsAViableContainerDirective","decl":{"start":{"line":90,"column":9},"end":{"line":90,"column":51}},"loc":{"start":{"line":90,"column":77},"end":{"line":98,"column":1}},"line":90},"1":{"name":"(anonymous_1)","decl":{"start":{"line":96,"column":9},"end":{"line":96,"column":10}},"loc":{"start":{"line":96,"column":18},"end":{"line":96,"column":23}},"line":96},"2":{"name":"checkIfNodeTypeIsAViableLeafDirective","decl":{"start":{"line":100,"column":9},"end":{"line":100,"column":46}},"loc":{"start":{"line":100,"column":72},"end":{"line":109,"column":1}},"line":100},"3":{"name":"(anonymous_3)","decl":{"start":{"line":106,"column":9},"end":{"line":106,"column":10}},"loc":{"start":{"line":106,"column":18},"end":{"line":106,"column":23}},"line":106},"4":{"name":"checkIfNodeTypeIsAViableTextDirective","decl":{"start":{"line":111,"column":9},"end":{"line":111,"column":46}},"loc":{"start":{"line":111,"column":72},"end":{"line":114,"column":1}},"line":111},"5":{"name":"throwErrorIfANodeIsNotAViableNode","decl":{"start":{"line":117,"column":9},"end":{"line":117,"column":42}},"loc":{"start":{"line":117,"column":69},"end":{"line":150,"column":1}},"line":117},"6":{"name":"(anonymous_6)","decl":{"start":{"line":124,"column":9},"end":{"line":124,"column":10}},"loc":{"start":{"line":124,"column":19},"end":{"line":124,"column":24}},"line":124}},"branchMap":{"0":{"loc":{"start":{"line":94,"column":4},"end":{"line":94,"column":93}},"type":"binary-expr","locations":[{"start":{"line":94,"column":4},"end":{"line":94,"column":38}},{"start":{"line":94,"column":43},"end":{"line":94,"column":93}}],"line":94},"1":{"loc":{"start":{"line":95,"column":4},"end":{"line":95,"column":88}},"type":"binary-expr","locations":[{"start":{"line":95,"column":4},"end":{"line":95,"column":38}},{"start":{"line":95,"column":43},"end":{"line":95,"column":88}}],"line":95},"2":{"loc":{"start":{"line":103,"column":4},"end":{"line":103,"column":89}},"type":"binary-expr","locations":[{"start":{"line":103,"column":4},"end":{"line":103,"column":33}},{"start":{"line":103,"column":38},"end":{"line":103,"column":89}}],"line":103},"3":{"loc":{"start":{"line":104,"column":4},"end":{"line":104,"column":87}},"type":"binary-expr","locations":[{"start":{"line":104,"column":4},"end":{"line":104,"column":33}},{"start":{"line":104,"column":38},"end":{"line":104,"column":87}}],"line":104},"4":{"loc":{"start":{"line":105,"column":4},"end":{"line":105,"column":83}},"type":"binary-expr","locations":[{"start":{"line":105,"column":4},"end":{"line":105,"column":33}},{"start":{"line":105,"column":38},"end":{"line":105,"column":83}}],"line":105},"5":{"loc":{"start":{"line":113,"column":9},"end":{"line":113,"column":92}},"type":"binary-expr","locations":[{"start":{"line":113,"column":9},"end":{"line":113,"column":38}},{"start":{"line":113,"column":43},"end":{"line":113,"column":92}}],"line":113},"6":{"loc":{"start":{"line":127,"column":2},"end":{"line":148,"column":3}},"type":"if","locations":[{"start":{"line":127,"column":2},"end":{"line":148,"column":3}},{"start":{},"end":{}}],"line":127}},"s":{"0":1,"1":1,"2":1,"3":1,"4":1,"5":70,"6":110,"7":70,"8":168,"9":70,"10":1,"11":3,"12":1,"13":1},"f":{"0":70,"1":110,"2":70,"3":168,"4":70,"5":1,"6":3},"b":{"0":[70,69],"1":[70,69],"2":[70,68],"3":[70,68],"4":[70,68],"5":[70,69],"6":[1,0]},"_coverageSchema":"1a1c01bbd47fc00a2c39e90264f33305004495a9","hash":"f7b77550e997a5007794c921a823d4419b58de11"}
}
