TN:
SF:src/utils/index.ts
FN:86,checkIfNodeTypeIsAViableContainerDirective
FN:92,(anonymous_1)
FN:96,checkIfNodeTypeIsAViableLeafDirective
FN:102,(anonymous_3)
FN:107,checkIfNodeTypeIsAViableTextDirective
FN:113,throwErrorIfANodeIsNotAViableNode
FN:120,(anonymous_6)
FNF:7
FNH:7
FNDA:66,checkIfNodeTypeIsAViableContainerDirective
FNDA:103,(anonymous_1)
FNDA:66,checkIfNodeTypeIsAViableLeafDirective
FNDA:156,(anonymous_3)
FNDA:66,checkIfNodeTypeIsAViableTextDirective
FNDA:1,throwErrorIfANodeIsNotAViableNode
FNDA:3,(anonymous_6)
DA:4,1
DA:10,1
DA:39,1
DA:48,1
DA:54,1
DA:89,66
DA:92,103
DA:98,66
DA:102,156
DA:109,66
DA:116,1
DA:120,3
DA:123,1
DA:125,1
LF:14
LH:14
BRDA:90,0,0,66
BRDA:90,0,1,65
BRDA:91,1,0,66
BRDA:91,1,1,65
BRDA:99,2,0,66
BRDA:99,2,1,64
BRDA:100,3,0,66
BRDA:100,3,1,64
BRDA:101,4,0,66
BRDA:101,4,1,64
BRDA:109,5,0,66
BRDA:109,5,1,65
BRDA:123,6,0,1
BRDA:123,6,1,0
BRF:14
BRH:13
end_of_record
