TN:
SF:src/utils/index.ts
FN:90,checkIfNodeTypeIsAViableContainerDirective
FN:96,(anonymous_1)
FN:100,checkIfNodeTypeIsAViableLeafDirective
FN:106,(anonymous_3)
FN:111,checkIfNodeTypeIsAViableTextDirective
FN:117,throwErrorIfANodeIsNotAViableNode
FN:124,(anonymous_6)
FNF:7
FNH:7
FNDA:70,checkIfNodeTypeIsAViableContainerDirective
FNDA:110,(anonymous_1)
FNDA:70,checkIfNodeTypeIsAViableLeafDirective
FNDA:168,(anonymous_3)
FNDA:70,checkIfNodeTypeIsAViableTextDirective
FNDA:1,throwErrorIfANodeIsNotAViableNode
FNDA:3,(anonymous_6)
DA:4,1
DA:10,1
DA:40,1
DA:49,1
DA:58,1
DA:93,70
DA:96,110
DA:102,70
DA:106,168
DA:113,70
DA:120,1
DA:124,3
DA:127,1
DA:129,1
LF:14
LH:14
BRDA:94,0,0,70
BRDA:94,0,1,69
BRDA:95,1,0,70
BRDA:95,1,1,69
BRDA:103,2,0,70
BRDA:103,2,1,68
BRDA:104,3,0,70
BRDA:104,3,1,68
BRDA:105,4,0,70
BRDA:105,4,1,68
BRDA:113,5,0,70
BRDA:113,5,1,69
BRDA:127,6,0,1
BRDA:127,6,1,0
BRF:14
BRH:13
end_of_record
